2016-07-04 16:41:51,485 - Log4JLogChute initialized using file 'velocity.log'
2016-07-04 16:41:51,486 - Velocity was not initialized! Calling init()...
2016-07-04 16:41:51,486 - Starting Apache Velocity v1.5 (compiled: 2007-02-22 08:52:29)
2016-07-04 16:41:51,486 - Default Properties File: org/apache/velocity/runtime/defaults/velocity.properties
2016-07-04 16:41:51,486 - Trying to use logger class org.apache.velocity.runtime.log.AvalonLogChute
2016-07-04 16:41:51,488 - Couldn't find class org.apache.velocity.runtime.log.AvalonLogChute or necessary supporting classes in classpath.
java.lang.NoClassDefFoundError: org/apache/log/format/Formatter
	at java.lang.Class.forName0(Native Method)
	at java.lang.Class.forName(Class.java:348)
	at org.apache.velocity.util.ClassUtils.getClass(ClassUtils.java:63)
	at org.apache.velocity.util.ClassUtils.getNewInstance(ClassUtils.java:95)
	at org.apache.velocity.runtime.log.LogManager.createLogChute(LogManager.java:147)
	at org.apache.velocity.runtime.log.LogManager.updateLog(LogManager.java:208)
	at org.apache.velocity.runtime.RuntimeInstance.initializeLog(RuntimeInstance.java:728)
	at org.apache.velocity.runtime.RuntimeInstance.init(RuntimeInstance.java:240)
	at org.apache.velocity.runtime.RuntimeInstance.parse(RuntimeInstance.java:993)
	at org.apache.velocity.runtime.RuntimeInstance.parse(RuntimeInstance.java:972)
	at org.apache.velocity.runtime.RuntimeSingleton.parse(RuntimeSingleton.java:265)
	at org.apache.velocity.app.Velocity.evaluate(Velocity.java:274)
	at weather.WeatherFormatter.format(WeatherFormatter.java:24)
	at weather.App.start(App.java:27)
	at weather.App.main(App.java:43)
	at sun.reflect.NativeMethodAccessorImpl.invoke0(Native Method)
	at sun.reflect.NativeMethodAccessorImpl.invoke(NativeMethodAccessorImpl.java:62)
	at sun.reflect.DelegatingMethodAccessorImpl.invoke(DelegatingMethodAccessorImpl.java:43)
	at java.lang.reflect.Method.invoke(Method.java:497)
	at org.codehaus.mojo.exec.ExecJavaMojo$1.run(ExecJavaMojo.java:294)
	at java.lang.Thread.run(Thread.java:745)
Caused by: java.lang.ClassNotFoundException: org.apache.log.format.Formatter
	at java.net.URLClassLoader.findClass(URLClassLoader.java:381)
	at java.lang.ClassLoader.loadClass(ClassLoader.java:424)
	at java.lang.ClassLoader.loadClass(ClassLoader.java:357)
	... 21 more
2016-07-04 16:41:51,488 - Trying to use logger class org.apache.velocity.runtime.log.Log4JLogChute
2016-07-04 16:41:51,489 - Using logger class org.apache.velocity.runtime.log.Log4JLogChute
2016-07-04 16:41:51,491 - Default ResourceManager initializing. (class org.apache.velocity.runtime.resource.ResourceManagerImpl)
2016-07-04 16:41:51,494 - ResourceLoader instantiated: org.apache.velocity.runtime.resource.loader.FileResourceLoader
2016-07-04 16:41:51,496 - Do unicode file recognition:  false
2016-07-04 16:41:51,496 - FileResourceLoader : adding path '.'
2016-07-04 16:41:51,513 - ResourceCache: initialized (class org.apache.velocity.runtime.resource.ResourceCacheImpl)
2016-07-04 16:41:51,514 - Loaded System Directive: org.apache.velocity.runtime.directive.Literal
2016-07-04 16:41:51,515 - Loaded System Directive: org.apache.velocity.runtime.directive.Macro
2016-07-04 16:41:51,517 - Loaded System Directive: org.apache.velocity.runtime.directive.Parse
2016-07-04 16:41:51,518 - Loaded System Directive: org.apache.velocity.runtime.directive.Include
2016-07-04 16:41:51,519 - Loaded System Directive: org.apache.velocity.runtime.directive.Foreach
2016-07-04 16:41:51,552 - Created '20' parsers.
2016-07-04 16:41:51,557 - Velocimacro : "velocimacro.library" is not set.  Trying default library: VM_global_library.vm
2016-07-04 16:41:51,557 - Velocimacro : Default library not found.
2016-07-04 16:41:51,557 - Velocimacro : allowInline = true : VMs can be defined inline in templates
2016-07-04 16:41:51,557 - Velocimacro : allowInlineToOverride = false : VMs defined inline may NOT replace previous VM definitions
2016-07-04 16:41:51,557 - Velocimacro : allowInlineLocal = false : VMs defined inline will be global in scope if allowed.
2016-07-04 16:41:51,557 - Velocimacro : autoload off : VM system will not automatically reload global library macros
2016-07-05 00:12:11,574 - Log4JLogChute initialized using file 'velocity.log'
2016-07-05 00:12:11,574 - Velocity was not initialized! Calling init()...
2016-07-05 00:12:11,574 - Starting Apache Velocity v1.5 (compiled: 2007-02-22 08:52:29)
2016-07-05 00:12:11,574 - Default Properties File: org/apache/velocity/runtime/defaults/velocity.properties
2016-07-05 00:12:11,574 - Trying to use logger class org.apache.velocity.runtime.log.AvalonLogChute
2016-07-05 00:12:11,577 - Couldn't find class org.apache.velocity.runtime.log.AvalonLogChute or necessary supporting classes in classpath.
java.lang.NoClassDefFoundError: org/apache/log/format/Formatter
	at java.lang.Class.forName0(Native Method)
	at java.lang.Class.forName(Class.java:348)
	at org.apache.velocity.util.ClassUtils.getClass(ClassUtils.java:63)
	at org.apache.velocity.util.ClassUtils.getNewInstance(ClassUtils.java:95)
	at org.apache.velocity.runtime.log.LogManager.createLogChute(LogManager.java:147)
	at org.apache.velocity.runtime.log.LogManager.updateLog(LogManager.java:208)
	at org.apache.velocity.runtime.RuntimeInstance.initializeLog(RuntimeInstance.java:728)
	at org.apache.velocity.runtime.RuntimeInstance.init(RuntimeInstance.java:240)
	at org.apache.velocity.runtime.RuntimeInstance.parse(RuntimeInstance.java:993)
	at org.apache.velocity.runtime.RuntimeInstance.parse(RuntimeInstance.java:972)
	at org.apache.velocity.runtime.RuntimeSingleton.parse(RuntimeSingleton.java:265)
	at org.apache.velocity.app.Velocity.evaluate(Velocity.java:274)
	at weather.WeatherFormatter.format(WeatherFormatter.java:24)
	at weather.App.start(App.java:27)
	at weather.App.main(App.java:43)
	at sun.reflect.NativeMethodAccessorImpl.invoke0(Native Method)
	at sun.reflect.NativeMethodAccessorImpl.invoke(NativeMethodAccessorImpl.java:62)
	at sun.reflect.DelegatingMethodAccessorImpl.invoke(DelegatingMethodAccessorImpl.java:43)
	at java.lang.reflect.Method.invoke(Method.java:497)
	at org.codehaus.mojo.exec.ExecJavaMojo$1.run(ExecJavaMojo.java:294)
	at java.lang.Thread.run(Thread.java:745)
Caused by: java.lang.ClassNotFoundException: org.apache.log.format.Formatter
	at java.net.URLClassLoader.findClass(URLClassLoader.java:381)
	at java.lang.ClassLoader.loadClass(ClassLoader.java:424)
	at java.lang.ClassLoader.loadClass(ClassLoader.java:357)
	... 21 more
2016-07-05 00:12:11,580 - Trying to use logger class org.apache.velocity.runtime.log.Log4JLogChute
2016-07-05 00:12:11,580 - Using logger class org.apache.velocity.runtime.log.Log4JLogChute
2016-07-05 00:12:11,584 - Default ResourceManager initializing. (class org.apache.velocity.runtime.resource.ResourceManagerImpl)
2016-07-05 00:12:11,592 - ResourceLoader instantiated: org.apache.velocity.runtime.resource.loader.FileResourceLoader
2016-07-05 00:12:11,593 - Do unicode file recognition:  false
2016-07-05 00:12:11,593 - FileResourceLoader : adding path '.'
2016-07-05 00:12:11,613 - ResourceCache: initialized (class org.apache.velocity.runtime.resource.ResourceCacheImpl)
2016-07-05 00:12:11,614 - Loaded System Directive: org.apache.velocity.runtime.directive.Literal
2016-07-05 00:12:11,615 - Loaded System Directive: org.apache.velocity.runtime.directive.Macro
2016-07-05 00:12:11,616 - Loaded System Directive: org.apache.velocity.runtime.directive.Parse
2016-07-05 00:12:11,617 - Loaded System Directive: org.apache.velocity.runtime.directive.Include
2016-07-05 00:12:11,617 - Loaded System Directive: org.apache.velocity.runtime.directive.Foreach
2016-07-05 00:12:11,649 - Created '20' parsers.
2016-07-05 00:12:11,657 - Velocimacro : "velocimacro.library" is not set.  Trying default library: VM_global_library.vm
2016-07-05 00:12:11,658 - Velocimacro : Default library not found.
2016-07-05 00:12:11,658 - Velocimacro : allowInline = true : VMs can be defined inline in templates
2016-07-05 00:12:11,658 - Velocimacro : allowInlineToOverride = false : VMs defined inline may NOT replace previous VM definitions
2016-07-05 00:12:11,658 - Velocimacro : allowInlineLocal = false : VMs defined inline will be global in scope if allowed.
2016-07-05 00:12:11,658 - Velocimacro : autoload off : VM system will not automatically reload global library macros
